#! /c/Source/iverilog-install/bin/vvp
:ivl_version "12.0 (devel)" "(s20150603-1539-g2693dd32b)";
:ivl_delay_selection "TYPICAL";
:vpi_time_precision - 9;
:vpi_module "C:\Users\hp\DOWNLO~1\EDATOO~1\iverilog\lib\ivl\system.vpi";
:vpi_module "C:\Users\hp\DOWNLO~1\EDATOO~1\iverilog\lib\ivl\vhdl_sys.vpi";
:vpi_module "C:\Users\hp\DOWNLO~1\EDATOO~1\iverilog\lib\ivl\vhdl_textio.vpi";
:vpi_module "C:\Users\hp\DOWNLO~1\EDATOO~1\iverilog\lib\ivl\v2005_math.vpi";
:vpi_module "C:\Users\hp\DOWNLO~1\EDATOO~1\iverilog\lib\ivl\va_math.vpi";
S_0000022505d70c30 .scope module, "tb_adder_subtractor_4bit" "tb_adder_subtractor_4bit" 2 3;
 .timescale -9 -9;
v0000022505df1fb0_0 .var "a", 3 0;
v0000022505df1790_0 .var "b", 3 0;
v0000022505df2230_0 .net "carry_borrow_out", 0 0, L_0000022505df1e70;  1 drivers
v0000022505df1510_0 .var "sel_add1_sub0", 0 0;
v0000022505df29b0_0 .net "sum_diff", 3 0, L_0000022505df1b50;  1 drivers
S_0000022505d70dc0 .scope module, "dut" "adder_subtractor_4bit" 2 12, 3 63 0, S_0000022505d70c30;
 .timescale 0 0;
    .port_info 0 /INPUT 4 "a";
    .port_info 1 /INPUT 4 "b";
    .port_info 2 /INPUT 1 "sel_add1_sub0";
    .port_info 3 /OUTPUT 4 "sum_diff";
    .port_info 4 /OUTPUT 1 "carry_borrow_out";
v0000022505df2050_0 .net "a", 3 0, v0000022505df1fb0_0;  1 drivers
v0000022505df1c90_0 .net "add", 4 0, L_0000022505df16f0;  1 drivers
v0000022505df2190_0 .net "b", 3 0, v0000022505df1790_0;  1 drivers
v0000022505df2f50_0 .net "borrow", 0 0, L_0000022505e68310;  1 drivers
v0000022505df1dd0_0 .net "carry_borrow_out", 0 0, L_0000022505df1e70;  alias, 1 drivers
v0000022505df2d70_0 .net "carry_out", 0 0, L_0000022505df4e00;  1 drivers
v0000022505df2ff0_0 .net "diff1", 3 0, L_0000022505df7160;  1 drivers
v0000022505df2b90_0 .net "dout", 4 0, L_0000022505df5b80;  1 drivers
v0000022505df15b0_0 .net "sel_add1_sub0", 0 0, v0000022505df1510_0;  1 drivers
v0000022505df1650_0 .net "sub", 4 0, L_0000022505df20f0;  1 drivers
v0000022505df18d0_0 .net "sum1", 3 0, L_0000022505df1a10;  1 drivers
v0000022505df2690_0 .net "sum_diff", 3 0, L_0000022505df1b50;  alias, 1 drivers
L_0000022505df16f0 .concat [ 4 1 0 0], L_0000022505df1a10, L_0000022505df4e00;
L_0000022505df20f0 .concat [ 4 1 0 0], L_0000022505df7160, L_0000022505e68310;
L_0000022505df1e70 .part L_0000022505df5b80, 4, 1;
L_0000022505df1b50 .part L_0000022505df5b80, 0, 4;
S_0000022505d1e3a0 .scope module, "adder_dut" "adder_4bit" 3 86, 3 13 0, S_0000022505d70dc0;
 .timescale 0 0;
    .port_info 0 /INPUT 4 "a";
    .port_info 1 /INPUT 4 "b";
    .port_info 2 /OUTPUT 4 "sum";
    .port_info 3 /OUTPUT 1 "carry_out";
v0000022505d8e8b0_0 .net "a", 3 0, v0000022505df1fb0_0;  alias, 1 drivers
v0000022505d81680_0 .net "b", 3 0, v0000022505df1790_0;  alias, 1 drivers
v0000022505d81ae0_0 .net "c", 2 0, L_0000022505df2550;  1 drivers
v0000022505d638f0_0 .net "carry_out", 0 0, L_0000022505df4e00;  alias, 1 drivers
v0000022505df07c0_0 .net "sum", 3 0, L_0000022505df1a10;  alias, 1 drivers
L_0000022505df1830 .part v0000022505df1fb0_0, 0, 1;
L_0000022505df3270 .part v0000022505df1790_0, 0, 1;
L_0000022505df13d0 .part v0000022505df1fb0_0, 1, 1;
L_0000022505df2cd0 .part v0000022505df1790_0, 1, 1;
L_0000022505df1d30 .part L_0000022505df2550, 0, 1;
L_0000022505df2e10 .part v0000022505df1fb0_0, 2, 1;
L_0000022505df2a50 .part v0000022505df1790_0, 2, 1;
L_0000022505df3130 .part L_0000022505df2550, 1, 1;
L_0000022505df2550 .concat8 [ 1 1 1 0], L_0000022505d88a20, L_0000022505d884e0, L_0000022505df4700;
L_0000022505df2730 .part v0000022505df1fb0_0, 3, 1;
L_0000022505df1970 .part v0000022505df1790_0, 3, 1;
L_0000022505df1470 .part L_0000022505df2550, 2, 1;
L_0000022505df1a10 .concat8 [ 1 1 1 1], L_0000022505d88550, L_0000022505d880f0, L_0000022505d887f0, L_0000022505df5030;
S_0000022505d1e530 .scope module, "fa_dut1" "full_adder" 3 23, 3 3 0, S_0000022505d1e3a0;
 .timescale 0 0;
    .port_info 0 /INPUT 1 "a";
    .port_info 1 /INPUT 1 "b";
    .port_info 2 /INPUT 1 "cin";
    .port_info 3 /OUTPUT 1 "sum";
    .port_info 4 /OUTPUT 1 "co";
L_0000022505d88780 .functor XOR 1, L_0000022505df1830, L_0000022505df3270, C4<0>, C4<0>;
L_0000022505e20088 .functor BUFT 1, C4<0>, C4<0>, C4<0>, C4<0>;
L_0000022505d88550 .functor XOR 1, L_0000022505d88780, L_0000022505e20088, C4<0>, C4<0>;
L_0000022505d88e80 .functor AND 1, L_0000022505df1830, L_0000022505df3270, C4<1>, C4<1>;
L_0000022505d88240 .functor AND 1, L_0000022505df1830, L_0000022505e20088, C4<1>, C4<1>;
L_0000022505d88400 .functor OR 1, L_0000022505d88e80, L_0000022505d88240, C4<0>, C4<0>;
L_0000022505d882b0 .functor AND 1, L_0000022505e20088, L_0000022505df3270, C4<1>, C4<1>;
L_0000022505d88a20 .functor OR 1, L_0000022505d88400, L_0000022505d882b0, C4<0>, C4<0>;
v0000022505d8f710_0 .net *"_ivl_0", 0 0, L_0000022505d88780;  1 drivers
v0000022505d8dcd0_0 .net *"_ivl_10", 0 0, L_0000022505d882b0;  1 drivers
v0000022505d8f350_0 .net *"_ivl_4", 0 0, L_0000022505d88e80;  1 drivers
v0000022505d8fb70_0 .net *"_ivl_6", 0 0, L_0000022505d88240;  1 drivers
v0000022505d8df50_0 .net *"_ivl_8", 0 0, L_0000022505d88400;  1 drivers
v0000022505d8ed10_0 .net "a", 0 0, L_0000022505df1830;  1 drivers
v0000022505d8f490_0 .net "b", 0 0, L_0000022505df3270;  1 drivers
v0000022505d8f170_0 .net "cin", 0 0, L_0000022505e20088;  1 drivers
v0000022505d8ea90_0 .net "co", 0 0, L_0000022505d88a20;  1 drivers
v0000022505d8e4f0_0 .net "sum", 0 0, L_0000022505d88550;  1 drivers
S_0000022505d94120 .scope module, "fa_dut2" "full_adder" 3 24, 3 3 0, S_0000022505d1e3a0;
 .timescale 0 0;
    .port_info 0 /INPUT 1 "a";
    .port_info 1 /INPUT 1 "b";
    .port_info 2 /INPUT 1 "cin";
    .port_info 3 /OUTPUT 1 "sum";
    .port_info 4 /OUTPUT 1 "co";
L_0000022505d886a0 .functor XOR 1, L_0000022505df13d0, L_0000022505df2cd0, C4<0>, C4<0>;
L_0000022505d880f0 .functor XOR 1, L_0000022505d886a0, L_0000022505df1d30, C4<0>, C4<0>;
L_0000022505d88470 .functor AND 1, L_0000022505df13d0, L_0000022505df2cd0, C4<1>, C4<1>;
L_0000022505d88630 .functor AND 1, L_0000022505df13d0, L_0000022505df1d30, C4<1>, C4<1>;
L_0000022505d88c50 .functor OR 1, L_0000022505d88470, L_0000022505d88630, C4<0>, C4<0>;
L_0000022505d88320 .functor AND 1, L_0000022505df1d30, L_0000022505df2cd0, C4<1>, C4<1>;
L_0000022505d884e0 .functor OR 1, L_0000022505d88c50, L_0000022505d88320, C4<0>, C4<0>;
v0000022505d8ebd0_0 .net *"_ivl_0", 0 0, L_0000022505d886a0;  1 drivers
v0000022505d8f210_0 .net *"_ivl_10", 0 0, L_0000022505d88320;  1 drivers
v0000022505d8dd70_0 .net *"_ivl_4", 0 0, L_0000022505d88470;  1 drivers
v0000022505d8f2b0_0 .net *"_ivl_6", 0 0, L_0000022505d88630;  1 drivers
v0000022505d8f7b0_0 .net *"_ivl_8", 0 0, L_0000022505d88c50;  1 drivers
v0000022505d8f5d0_0 .net "a", 0 0, L_0000022505df13d0;  1 drivers
v0000022505d8e9f0_0 .net "b", 0 0, L_0000022505df2cd0;  1 drivers
v0000022505d8de10_0 .net "cin", 0 0, L_0000022505df1d30;  1 drivers
v0000022505d8f850_0 .net "co", 0 0, L_0000022505d884e0;  1 drivers
v0000022505d8f8f0_0 .net "sum", 0 0, L_0000022505d880f0;  1 drivers
S_0000022505d6cdf0 .scope module, "fa_dut3" "full_adder" 3 25, 3 3 0, S_0000022505d1e3a0;
 .timescale 0 0;
    .port_info 0 /INPUT 1 "a";
    .port_info 1 /INPUT 1 "b";
    .port_info 2 /INPUT 1 "cin";
    .port_info 3 /OUTPUT 1 "sum";
    .port_info 4 /OUTPUT 1 "co";
L_0000022505d88b00 .functor XOR 1, L_0000022505df2e10, L_0000022505df2a50, C4<0>, C4<0>;
L_0000022505d887f0 .functor XOR 1, L_0000022505d88b00, L_0000022505df3130, C4<0>, C4<0>;
L_0000022505d88a90 .functor AND 1, L_0000022505df2e10, L_0000022505df2a50, C4<1>, C4<1>;
L_0000022505df5180 .functor AND 1, L_0000022505df2e10, L_0000022505df3130, C4<1>, C4<1>;
L_0000022505df4d90 .functor OR 1, L_0000022505d88a90, L_0000022505df5180, C4<0>, C4<0>;
L_0000022505df5110 .functor AND 1, L_0000022505df3130, L_0000022505df2a50, C4<1>, C4<1>;
L_0000022505df4700 .functor OR 1, L_0000022505df4d90, L_0000022505df5110, C4<0>, C4<0>;
v0000022505d8f3f0_0 .net *"_ivl_0", 0 0, L_0000022505d88b00;  1 drivers
v0000022505d8e130_0 .net *"_ivl_10", 0 0, L_0000022505df5110;  1 drivers
v0000022505d8deb0_0 .net *"_ivl_4", 0 0, L_0000022505d88a90;  1 drivers
v0000022505d8e1d0_0 .net *"_ivl_6", 0 0, L_0000022505df5180;  1 drivers
v0000022505d8ee50_0 .net *"_ivl_8", 0 0, L_0000022505df4d90;  1 drivers
v0000022505d8edb0_0 .net "a", 0 0, L_0000022505df2e10;  1 drivers
v0000022505d8e090_0 .net "b", 0 0, L_0000022505df2a50;  1 drivers
v0000022505d8f990_0 .net "cin", 0 0, L_0000022505df3130;  1 drivers
v0000022505d8e270_0 .net "co", 0 0, L_0000022505df4700;  1 drivers
v0000022505d8eef0_0 .net "sum", 0 0, L_0000022505d887f0;  1 drivers
S_0000022505d6cf80 .scope module, "fa_dut4" "full_adder" 3 26, 3 3 0, S_0000022505d1e3a0;
 .timescale 0 0;
    .port_info 0 /INPUT 1 "a";
    .port_info 1 /INPUT 1 "b";
    .port_info 2 /INPUT 1 "cin";
    .port_info 3 /OUTPUT 1 "sum";
    .port_info 4 /OUTPUT 1 "co";
L_0000022505df51f0 .functor XOR 1, L_0000022505df2730, L_0000022505df1970, C4<0>, C4<0>;
L_0000022505df5030 .functor XOR 1, L_0000022505df51f0, L_0000022505df1470, C4<0>, C4<0>;
L_0000022505df4af0 .functor AND 1, L_0000022505df2730, L_0000022505df1970, C4<1>, C4<1>;
L_0000022505df4460 .functor AND 1, L_0000022505df2730, L_0000022505df1470, C4<1>, C4<1>;
L_0000022505df4ee0 .functor OR 1, L_0000022505df4af0, L_0000022505df4460, C4<0>, C4<0>;
L_0000022505df4a80 .functor AND 1, L_0000022505df1470, L_0000022505df1970, C4<1>, C4<1>;
L_0000022505df4e00 .functor OR 1, L_0000022505df4ee0, L_0000022505df4a80, C4<0>, C4<0>;
v0000022505d8e310_0 .net *"_ivl_0", 0 0, L_0000022505df51f0;  1 drivers
v0000022505d8f530_0 .net *"_ivl_10", 0 0, L_0000022505df4a80;  1 drivers
v0000022505d8eb30_0 .net *"_ivl_4", 0 0, L_0000022505df4af0;  1 drivers
v0000022505d8fa30_0 .net *"_ivl_6", 0 0, L_0000022505df4460;  1 drivers
v0000022505d8fad0_0 .net *"_ivl_8", 0 0, L_0000022505df4ee0;  1 drivers
v0000022505d8dff0_0 .net "a", 0 0, L_0000022505df2730;  1 drivers
v0000022505d8e590_0 .net "b", 0 0, L_0000022505df1970;  1 drivers
v0000022505d8e630_0 .net "cin", 0 0, L_0000022505df1470;  1 drivers
v0000022505d8e770_0 .net "co", 0 0, L_0000022505df4e00;  alias, 1 drivers
v0000022505d8e6d0_0 .net "sum", 0 0, L_0000022505df5030;  1 drivers
S_0000022505d65550 .scope module, "mux_dut" "mux_4bit" 3 90, 3 53 0, S_0000022505d70dc0;
 .timescale 0 0;
    .port_info 0 /INPUT 5 "add";
    .port_info 1 /INPUT 5 "sub";
    .port_info 2 /INPUT 1 "sel_add1_sub0";
    .port_info 3 /OUTPUT 5 "dout";
v0000022505def6e0_0 .net "add", 4 0, L_0000022505df16f0;  alias, 1 drivers
v0000022505df0a40_0 .net "dout", 4 0, L_0000022505df5b80;  alias, 1 drivers
v0000022505defa00_0 .net "sel_add1_sub0", 0 0, v0000022505df1510_0;  alias, 1 drivers
v0000022505df02c0_0 .net "sub", 4 0, L_0000022505df20f0;  alias, 1 drivers
L_0000022505df5b80 .functor MUXZ 5, L_0000022505df20f0, L_0000022505df16f0, v0000022505df1510_0, C4<>;
S_0000022505d656e0 .scope module, "sub_dut" "subtractor_4bit" 3 88, 3 30 0, S_0000022505d70dc0;
 .timescale 0 0;
    .port_info 0 /INPUT 4 "a";
    .port_info 1 /INPUT 4 "b";
    .port_info 2 /OUTPUT 4 "diff";
    .port_info 3 /OUTPUT 1 "borrow";
L_0000022505e200d0 .functor BUFT 1, C4<1>, C4<0>, C4<0>, C4<0>;
L_0000022505df4930 .functor XOR 1, L_0000022505df1ab0, L_0000022505e200d0, C4<0>, C4<0>;
L_0000022505e20118 .functor BUFT 1, C4<1>, C4<0>, C4<0>, C4<0>;
L_0000022505df4b60 .functor XOR 1, L_0000022505df1f10, L_0000022505e20118, C4<0>, C4<0>;
L_0000022505e20160 .functor BUFT 1, C4<1>, C4<0>, C4<0>, C4<0>;
L_0000022505df4bd0 .functor XOR 1, L_0000022505df27d0, L_0000022505e20160, C4<0>, C4<0>;
L_0000022505e201a8 .functor BUFT 1, C4<1>, C4<0>, C4<0>, C4<0>;
L_0000022505df4690 .functor XOR 1, L_0000022505df5400, L_0000022505e201a8, C4<0>, C4<0>;
v0000022505defaa0_0 .net *"_ivl_1", 0 0, L_0000022505df4930;  1 drivers
v0000022505df0ea0_0 .net *"_ivl_11", 0 0, L_0000022505df1f10;  1 drivers
v0000022505defb40_0 .net/2u *"_ivl_12", 0 0, L_0000022505e20118;  1 drivers
v0000022505defc80_0 .net *"_ivl_15", 0 0, L_0000022505df4bd0;  1 drivers
v0000022505defd20_0 .net *"_ivl_18", 0 0, L_0000022505df27d0;  1 drivers
v0000022505df2870_0 .net/2u *"_ivl_19", 0 0, L_0000022505e20160;  1 drivers
v0000022505df2370_0 .net *"_ivl_22", 0 0, L_0000022505df4690;  1 drivers
v0000022505df22d0_0 .net *"_ivl_26", 0 0, L_0000022505df5400;  1 drivers
v0000022505df2910_0 .net/2u *"_ivl_27", 0 0, L_0000022505e201a8;  1 drivers
v0000022505df2410_0 .net *"_ivl_4", 0 0, L_0000022505df1ab0;  1 drivers
v0000022505df24b0_0 .net/2u *"_ivl_5", 0 0, L_0000022505e200d0;  1 drivers
v0000022505df2c30_0 .net *"_ivl_8", 0 0, L_0000022505df4b60;  1 drivers
v0000022505df2eb0_0 .net "a", 3 0, v0000022505df1fb0_0;  alias, 1 drivers
v0000022505df31d0_0 .net "b", 3 0, v0000022505df1790_0;  alias, 1 drivers
v0000022505df3090_0 .net "borrow", 0 0, L_0000022505e68310;  alias, 1 drivers
v0000022505df1bf0_0 .net "diff", 3 0, L_0000022505df7160;  alias, 1 drivers
v0000022505df25f0_0 .net "l", 3 0, L_0000022505df72a0;  1 drivers
v0000022505df2af0_0 .net "s", 2 0, L_0000022505df5a40;  1 drivers
L_0000022505df1ab0 .part v0000022505df1790_0, 0, 1;
L_0000022505df1f10 .part v0000022505df1790_0, 1, 1;
L_0000022505df27d0 .part v0000022505df1790_0, 2, 1;
L_0000022505df72a0 .concat8 [ 1 1 1 1], L_0000022505df4930, L_0000022505df4b60, L_0000022505df4bd0, L_0000022505df4690;
L_0000022505df5400 .part v0000022505df1790_0, 3, 1;
L_0000022505df6080 .part v0000022505df1fb0_0, 0, 1;
L_0000022505df64e0 .part L_0000022505df72a0, 0, 1;
L_0000022505df6580 .part v0000022505df1fb0_0, 1, 1;
L_0000022505df6440 .part L_0000022505df72a0, 1, 1;
L_0000022505df6d00 .part L_0000022505df5a40, 0, 1;
L_0000022505df7020 .part v0000022505df1fb0_0, 2, 1;
L_0000022505df6c60 .part L_0000022505df72a0, 2, 1;
L_0000022505df6ee0 .part L_0000022505df5a40, 1, 1;
L_0000022505df5a40 .concat8 [ 1 1 1 0], L_0000022505df52d0, L_0000022505df4d20, L_0000022505e68540;
L_0000022505df5540 .part v0000022505df1fb0_0, 3, 1;
L_0000022505df6300 .part L_0000022505df72a0, 3, 1;
L_0000022505df6760 .part L_0000022505df5a40, 2, 1;
L_0000022505df7160 .concat8 [ 1 1 1 1], L_0000022505df4770, L_0000022505df43f0, L_0000022505df4cb0, L_0000022505e68230;
S_0000022505d32510 .scope module, "fa_dut1" "full_adder" 3 46, 3 3 0, S_0000022505d656e0;
 .timescale 0 0;
    .port_info 0 /INPUT 1 "a";
    .port_info 1 /INPUT 1 "b";
    .port_info 2 /INPUT 1 "cin";
    .port_info 3 /OUTPUT 1 "sum";
    .port_info 4 /OUTPUT 1 "co";
L_0000022505df49a0 .functor XOR 1, L_0000022505df6080, L_0000022505df64e0, C4<0>, C4<0>;
L_0000022505e201f0 .functor BUFT 1, C4<1>, C4<0>, C4<0>, C4<0>;
L_0000022505df4770 .functor XOR 1, L_0000022505df49a0, L_0000022505e201f0, C4<0>, C4<0>;
L_0000022505df45b0 .functor AND 1, L_0000022505df6080, L_0000022505df64e0, C4<1>, C4<1>;
L_0000022505df4e70 .functor AND 1, L_0000022505df6080, L_0000022505e201f0, C4<1>, C4<1>;
L_0000022505df5260 .functor OR 1, L_0000022505df45b0, L_0000022505df4e70, C4<0>, C4<0>;
L_0000022505df50a0 .functor AND 1, L_0000022505e201f0, L_0000022505df64e0, C4<1>, C4<1>;
L_0000022505df52d0 .functor OR 1, L_0000022505df5260, L_0000022505df50a0, C4<0>, C4<0>;
v0000022505defbe0_0 .net *"_ivl_0", 0 0, L_0000022505df49a0;  1 drivers
v0000022505def460_0 .net *"_ivl_10", 0 0, L_0000022505df50a0;  1 drivers
v0000022505df0180_0 .net *"_ivl_4", 0 0, L_0000022505df45b0;  1 drivers
v0000022505df0900_0 .net *"_ivl_6", 0 0, L_0000022505df4e70;  1 drivers
v0000022505df09a0_0 .net *"_ivl_8", 0 0, L_0000022505df5260;  1 drivers
v0000022505def3c0_0 .net "a", 0 0, L_0000022505df6080;  1 drivers
v0000022505df0720_0 .net "b", 0 0, L_0000022505df64e0;  1 drivers
v0000022505def500_0 .net "cin", 0 0, L_0000022505e201f0;  1 drivers
v0000022505def280_0 .net "co", 0 0, L_0000022505df52d0;  1 drivers
v0000022505defdc0_0 .net "sum", 0 0, L_0000022505df4770;  1 drivers
S_0000022505d326a0 .scope module, "fa_dut2" "full_adder" 3 47, 3 3 0, S_0000022505d656e0;
 .timescale 0 0;
    .port_info 0 /INPUT 1 "a";
    .port_info 1 /INPUT 1 "b";
    .port_info 2 /INPUT 1 "cin";
    .port_info 3 /OUTPUT 1 "sum";
    .port_info 4 /OUTPUT 1 "co";
L_0000022505df4a10 .functor XOR 1, L_0000022505df6580, L_0000022505df6440, C4<0>, C4<0>;
L_0000022505df43f0 .functor XOR 1, L_0000022505df4a10, L_0000022505df6d00, C4<0>, C4<0>;
L_0000022505df4620 .functor AND 1, L_0000022505df6580, L_0000022505df6440, C4<1>, C4<1>;
L_0000022505df47e0 .functor AND 1, L_0000022505df6580, L_0000022505df6d00, C4<1>, C4<1>;
L_0000022505df4fc0 .functor OR 1, L_0000022505df4620, L_0000022505df47e0, C4<0>, C4<0>;
L_0000022505df4c40 .functor AND 1, L_0000022505df6d00, L_0000022505df6440, C4<1>, C4<1>;
L_0000022505df4d20 .functor OR 1, L_0000022505df4fc0, L_0000022505df4c40, C4<0>, C4<0>;
v0000022505deff00_0 .net *"_ivl_0", 0 0, L_0000022505df4a10;  1 drivers
v0000022505def0a0_0 .net *"_ivl_10", 0 0, L_0000022505df4c40;  1 drivers
v0000022505df0860_0 .net *"_ivl_4", 0 0, L_0000022505df4620;  1 drivers
v0000022505df0f40_0 .net *"_ivl_6", 0 0, L_0000022505df47e0;  1 drivers
v0000022505def320_0 .net *"_ivl_8", 0 0, L_0000022505df4fc0;  1 drivers
v0000022505df00e0_0 .net "a", 0 0, L_0000022505df6580;  1 drivers
v0000022505df0ae0_0 .net "b", 0 0, L_0000022505df6440;  1 drivers
v0000022505df0540_0 .net "cin", 0 0, L_0000022505df6d00;  1 drivers
v0000022505defe60_0 .net "co", 0 0, L_0000022505df4d20;  1 drivers
v0000022505def820_0 .net "sum", 0 0, L_0000022505df43f0;  1 drivers
S_0000022505df1060 .scope module, "fa_dut3" "full_adder" 3 48, 3 3 0, S_0000022505d656e0;
 .timescale 0 0;
    .port_info 0 /INPUT 1 "a";
    .port_info 1 /INPUT 1 "b";
    .port_info 2 /INPUT 1 "cin";
    .port_info 3 /OUTPUT 1 "sum";
    .port_info 4 /OUTPUT 1 "co";
L_0000022505df48c0 .functor XOR 1, L_0000022505df7020, L_0000022505df6c60, C4<0>, C4<0>;
L_0000022505df4cb0 .functor XOR 1, L_0000022505df48c0, L_0000022505df6ee0, C4<0>, C4<0>;
L_0000022505df44d0 .functor AND 1, L_0000022505df7020, L_0000022505df6c60, C4<1>, C4<1>;
L_0000022505df4f50 .functor AND 1, L_0000022505df7020, L_0000022505df6ee0, C4<1>, C4<1>;
L_0000022505df4540 .functor OR 1, L_0000022505df44d0, L_0000022505df4f50, C4<0>, C4<0>;
L_0000022505e681c0 .functor AND 1, L_0000022505df6ee0, L_0000022505df6c60, C4<1>, C4<1>;
L_0000022505e68540 .functor OR 1, L_0000022505df4540, L_0000022505e681c0, C4<0>, C4<0>;
v0000022505deffa0_0 .net *"_ivl_0", 0 0, L_0000022505df48c0;  1 drivers
v0000022505df0400_0 .net *"_ivl_10", 0 0, L_0000022505e681c0;  1 drivers
v0000022505def140_0 .net *"_ivl_4", 0 0, L_0000022505df44d0;  1 drivers
v0000022505df0680_0 .net *"_ivl_6", 0 0, L_0000022505df4f50;  1 drivers
v0000022505df0b80_0 .net *"_ivl_8", 0 0, L_0000022505df4540;  1 drivers
v0000022505df0c20_0 .net "a", 0 0, L_0000022505df7020;  1 drivers
v0000022505df0040_0 .net "b", 0 0, L_0000022505df6c60;  1 drivers
v0000022505def1e0_0 .net "cin", 0 0, L_0000022505df6ee0;  1 drivers
v0000022505df0e00_0 .net "co", 0 0, L_0000022505e68540;  1 drivers
v0000022505def5a0_0 .net "sum", 0 0, L_0000022505df4cb0;  1 drivers
S_0000022505df11f0 .scope module, "fa_dut4" "full_adder" 3 49, 3 3 0, S_0000022505d656e0;
 .timescale 0 0;
    .port_info 0 /INPUT 1 "a";
    .port_info 1 /INPUT 1 "b";
    .port_info 2 /INPUT 1 "cin";
    .port_info 3 /OUTPUT 1 "sum";
    .port_info 4 /OUTPUT 1 "co";
L_0000022505e680e0 .functor XOR 1, L_0000022505df5540, L_0000022505df6300, C4<0>, C4<0>;
L_0000022505e68230 .functor XOR 1, L_0000022505e680e0, L_0000022505df6760, C4<0>, C4<0>;
L_0000022505e68d90 .functor AND 1, L_0000022505df5540, L_0000022505df6300, C4<1>, C4<1>;
L_0000022505e68c40 .functor AND 1, L_0000022505df5540, L_0000022505df6760, C4<1>, C4<1>;
L_0000022505e682a0 .functor OR 1, L_0000022505e68d90, L_0000022505e68c40, C4<0>, C4<0>;
L_0000022505e688c0 .functor AND 1, L_0000022505df6760, L_0000022505df6300, C4<1>, C4<1>;
L_0000022505e68310 .functor OR 1, L_0000022505e682a0, L_0000022505e688c0, C4<0>, C4<0>;
v0000022505df0cc0_0 .net *"_ivl_0", 0 0, L_0000022505e680e0;  1 drivers
v0000022505df0220_0 .net *"_ivl_10", 0 0, L_0000022505e688c0;  1 drivers
v0000022505df0360_0 .net *"_ivl_4", 0 0, L_0000022505e68d90;  1 drivers
v0000022505df0d60_0 .net *"_ivl_6", 0 0, L_0000022505e68c40;  1 drivers
v0000022505def640_0 .net *"_ivl_8", 0 0, L_0000022505e682a0;  1 drivers
v0000022505df05e0_0 .net "a", 0 0, L_0000022505df5540;  1 drivers
v0000022505df04a0_0 .net "b", 0 0, L_0000022505df6300;  1 drivers
v0000022505def8c0_0 .net "cin", 0 0, L_0000022505df6760;  1 drivers
v0000022505def780_0 .net "co", 0 0, L_0000022505e68310;  alias, 1 drivers
v0000022505def960_0 .net "sum", 0 0, L_0000022505e68230;  1 drivers
    .scope S_0000022505d70c30;
T_0 ;
    %vpi_call 2 15 "$dumpfile", "addsub4bit.vcd" {0 0 0};
    %vpi_call 2 16 "$dumpvars", 32'sb00000000000000000000000000000001 {0 0 0};
    %pushi/vec4 4, 0, 4;
    %store/vec4 v0000022505df1fb0_0, 0, 4;
    %pushi/vec4 4, 0, 4;
    %store/vec4 v0000022505df1790_0, 0, 4;
    %pushi/vec4 0, 0, 1;
    %store/vec4 v0000022505df1510_0, 0, 1;
    %delay 10, 0;
    %pushi/vec4 10, 0, 4;
    %store/vec4 v0000022505df1fb0_0, 0, 4;
    %pushi/vec4 4, 0, 4;
    %store/vec4 v0000022505df1790_0, 0, 4;
    %pushi/vec4 0, 0, 1;
    %store/vec4 v0000022505df1510_0, 0, 1;
    %delay 10, 0;
    %pushi/vec4 6, 0, 4;
    %store/vec4 v0000022505df1fb0_0, 0, 4;
    %pushi/vec4 4, 0, 4;
    %store/vec4 v0000022505df1790_0, 0, 4;
    %pushi/vec4 0, 0, 1;
    %store/vec4 v0000022505df1510_0, 0, 1;
    %delay 10, 0;
    %pushi/vec4 3, 0, 4;
    %store/vec4 v0000022505df1fb0_0, 0, 4;
    %pushi/vec4 7, 0, 4;
    %store/vec4 v0000022505df1790_0, 0, 4;
    %pushi/vec4 0, 0, 1;
    %store/vec4 v0000022505df1510_0, 0, 1;
    %delay 10, 0;
    %pushi/vec4 4, 0, 4;
    %store/vec4 v0000022505df1fb0_0, 0, 4;
    %pushi/vec4 4, 0, 4;
    %store/vec4 v0000022505df1790_0, 0, 4;
    %pushi/vec4 1, 0, 1;
    %store/vec4 v0000022505df1510_0, 0, 1;
    %delay 10, 0;
    %pushi/vec4 10, 0, 4;
    %store/vec4 v0000022505df1fb0_0, 0, 4;
    %pushi/vec4 4, 0, 4;
    %store/vec4 v0000022505df1790_0, 0, 4;
    %pushi/vec4 1, 0, 1;
    %store/vec4 v0000022505df1510_0, 0, 1;
    %delay 10, 0;
    %pushi/vec4 6, 0, 4;
    %store/vec4 v0000022505df1fb0_0, 0, 4;
    %pushi/vec4 4, 0, 4;
    %store/vec4 v0000022505df1790_0, 0, 4;
    %pushi/vec4 1, 0, 1;
    %store/vec4 v0000022505df1510_0, 0, 1;
    %delay 10, 0;
    %pushi/vec4 3, 0, 4;
    %store/vec4 v0000022505df1fb0_0, 0, 4;
    %pushi/vec4 7, 0, 4;
    %store/vec4 v0000022505df1790_0, 0, 4;
    %pushi/vec4 1, 0, 1;
    %store/vec4 v0000022505df1510_0, 0, 1;
    %delay 10, 0;
    %vpi_call 2 59 "$finish" {0 0 0};
    %end;
    .thread T_0;
    .scope S_0000022505d70c30;
T_1 ;
    %vpi_call 2 63 "$monitor", "simtime=%g, a=%0d, b=%0d, sel_add1_sub0=%b, sum_diff=%0d, carry_borrow_out=%b", $time, v0000022505df1fb0_0, v0000022505df1790_0, v0000022505df1510_0, v0000022505df29b0_0, v0000022505df2230_0 {0 0 0};
    %end;
    .thread T_1;
# The file index is used to find the file name in the following table.
:file_names 4;
    "N/A";
    "<interactive>";
    ".\tb.v";
    ".\Add_Sub_4bit.v";
