#! /c/Source/iverilog-install/bin/vvp
:ivl_version "12.0 (devel)" "(s20150603-1539-g2693dd32b)";
:ivl_delay_selection "TYPICAL";
:vpi_time_precision - 12;
:vpi_module "C:\Users\hp\DOWNLO~1\EDATOO~1\iverilog\lib\ivl\system.vpi";
:vpi_module "C:\Users\hp\DOWNLO~1\EDATOO~1\iverilog\lib\ivl\vhdl_sys.vpi";
:vpi_module "C:\Users\hp\DOWNLO~1\EDATOO~1\iverilog\lib\ivl\vhdl_textio.vpi";
:vpi_module "C:\Users\hp\DOWNLO~1\EDATOO~1\iverilog\lib\ivl\v2005_math.vpi";
:vpi_module "C:\Users\hp\DOWNLO~1\EDATOO~1\iverilog\lib\ivl\va_math.vpi";
S_0000025276cbd050 .scope module, "TestModule" "TestModule" 2 3;
 .timescale -9 -12;
v0000025276cbca20_0 .var "a", 3 0;
v0000025276cbce80_0 .var "b", 3 0;
v0000025276cab110_0 .var "cin", 0 0;
v0000025276cabc50_0 .net "cout", 0 0, L_0000025276cb2190;  1 drivers
v0000025276d16f30_0 .net "sum", 3 0, L_0000025276d17070;  1 drivers
S_0000025276cbdc50 .scope module, "dut" "adder_4bit" 2 14, 3 11 0, S_0000025276cbd050;
 .timescale 0 0;
    .port_info 0 /INPUT 4 "a";
    .port_info 1 /INPUT 4 "b";
    .port_info 2 /INPUT 1 "cin";
    .port_info 3 /OUTPUT 4 "sum";
    .port_info 4 /OUTPUT 1 "cout";
v0000025276cbcac0_0 .net "a", 3 0, v0000025276cbca20_0;  1 drivers
v0000025276cbbbc0_0 .net "b", 3 0, v0000025276cbce80_0;  1 drivers
v0000025276cbbc60_0 .net "c", 2 0, L_0000025276d16fd0;  1 drivers
v0000025276cbc980_0 .net "cin", 0 0, v0000025276cab110_0;  1 drivers
v0000025276cbc2a0_0 .net "cout", 0 0, L_0000025276cb2190;  alias, 1 drivers
v0000025276cbbd00_0 .net "sum", 3 0, L_0000025276d17070;  alias, 1 drivers
L_0000025276d167b0 .part v0000025276cbca20_0, 0, 1;
L_0000025276d17ed0 .part v0000025276cbce80_0, 0, 1;
L_0000025276d17f70 .part v0000025276cbca20_0, 1, 1;
L_0000025276d16170 .part v0000025276cbce80_0, 1, 1;
L_0000025276d16e90 .part L_0000025276d16fd0, 0, 1;
L_0000025276d16350 .part v0000025276cbca20_0, 2, 1;
L_0000025276d17bb0 .part v0000025276cbce80_0, 2, 1;
L_0000025276d17c50 .part L_0000025276d16fd0, 1, 1;
L_0000025276d16fd0 .concat8 [ 1 1 1 0], L_0000025276cb1a90, L_0000025276cb1c50, L_0000025276cb1860;
L_0000025276d176b0 .part v0000025276cbca20_0, 3, 1;
L_0000025276d163f0 .part v0000025276cbce80_0, 3, 1;
L_0000025276d160d0 .part L_0000025276d16fd0, 2, 1;
L_0000025276d17070 .concat8 [ 1 1 1 1], L_0000025276cb23c0, L_0000025276cb25f0, L_0000025276cb2430, L_0000025276cb1e80;
S_0000025276cbdde0 .scope module, "u0" "full_adder" 3 22, 3 1 0, S_0000025276cbdc50;
 .timescale 0 0;
    .port_info 0 /INPUT 1 "a";
    .port_info 1 /INPUT 1 "b";
    .port_info 2 /INPUT 1 "cin";
    .port_info 3 /OUTPUT 1 "sum";
    .port_info 4 /OUTPUT 1 "co";
L_0000025276cb1b00 .functor XOR 1, L_0000025276d167b0, L_0000025276d17ed0, C4<0>, C4<0>;
L_0000025276cb23c0 .functor XOR 1, L_0000025276cb1b00, v0000025276cab110_0, C4<0>, C4<0>;
L_0000025276cb1940 .functor AND 1, L_0000025276d167b0, L_0000025276d17ed0, C4<1>, C4<1>;
L_0000025276cb2350 .functor AND 1, L_0000025276d167b0, v0000025276cab110_0, C4<1>, C4<1>;
L_0000025276cb1e10 .functor OR 1, L_0000025276cb1940, L_0000025276cb2350, C4<0>, C4<0>;
L_0000025276cb20b0 .functor AND 1, v0000025276cab110_0, L_0000025276d17ed0, C4<1>, C4<1>;
L_0000025276cb1a90 .functor OR 1, L_0000025276cb1e10, L_0000025276cb20b0, C4<0>, C4<0>;
v0000025276cbc5c0_0 .net *"_ivl_0", 0 0, L_0000025276cb1b00;  1 drivers
v0000025276cbbf80_0 .net *"_ivl_10", 0 0, L_0000025276cb20b0;  1 drivers
v0000025276cbc340_0 .net *"_ivl_4", 0 0, L_0000025276cb1940;  1 drivers
v0000025276cbb4e0_0 .net *"_ivl_6", 0 0, L_0000025276cb2350;  1 drivers
v0000025276cbb120_0 .net *"_ivl_8", 0 0, L_0000025276cb1e10;  1 drivers
v0000025276cbc160_0 .net "a", 0 0, L_0000025276d167b0;  1 drivers
v0000025276cbbe40_0 .net "b", 0 0, L_0000025276d17ed0;  1 drivers
v0000025276cbb3a0_0 .net "cin", 0 0, v0000025276cab110_0;  alias, 1 drivers
v0000025276cbbda0_0 .net "co", 0 0, L_0000025276cb1a90;  1 drivers
v0000025276cbb760_0 .net "sum", 0 0, L_0000025276cb23c0;  1 drivers
S_0000025276cb4700 .scope module, "u1" "full_adder" 3 23, 3 1 0, S_0000025276cbdc50;
 .timescale 0 0;
    .port_info 0 /INPUT 1 "a";
    .port_info 1 /INPUT 1 "b";
    .port_info 2 /INPUT 1 "cin";
    .port_info 3 /OUTPUT 1 "sum";
    .port_info 4 /OUTPUT 1 "co";
L_0000025276cb2120 .functor XOR 1, L_0000025276d17f70, L_0000025276d16170, C4<0>, C4<0>;
L_0000025276cb25f0 .functor XOR 1, L_0000025276cb2120, L_0000025276d16e90, C4<0>, C4<0>;
L_0000025276cb1710 .functor AND 1, L_0000025276d17f70, L_0000025276d16170, C4<1>, C4<1>;
L_0000025276cb1b70 .functor AND 1, L_0000025276d17f70, L_0000025276d16e90, C4<1>, C4<1>;
L_0000025276cb1be0 .functor OR 1, L_0000025276cb1710, L_0000025276cb1b70, C4<0>, C4<0>;
L_0000025276cb1da0 .functor AND 1, L_0000025276d16e90, L_0000025276d16170, C4<1>, C4<1>;
L_0000025276cb1c50 .functor OR 1, L_0000025276cb1be0, L_0000025276cb1da0, C4<0>, C4<0>;
v0000025276cbc3e0_0 .net *"_ivl_0", 0 0, L_0000025276cb2120;  1 drivers
v0000025276cbc660_0 .net *"_ivl_10", 0 0, L_0000025276cb1da0;  1 drivers
v0000025276cbcd40_0 .net *"_ivl_4", 0 0, L_0000025276cb1710;  1 drivers
v0000025276cbc200_0 .net *"_ivl_6", 0 0, L_0000025276cb1b70;  1 drivers
v0000025276cbcb60_0 .net *"_ivl_8", 0 0, L_0000025276cb1be0;  1 drivers
v0000025276cbbee0_0 .net "a", 0 0, L_0000025276d17f70;  1 drivers
v0000025276cbc480_0 .net "b", 0 0, L_0000025276d16170;  1 drivers
v0000025276cbb6c0_0 .net "cin", 0 0, L_0000025276d16e90;  1 drivers
v0000025276cbcde0_0 .net "co", 0 0, L_0000025276cb1c50;  1 drivers
v0000025276cbb620_0 .net "sum", 0 0, L_0000025276cb25f0;  1 drivers
S_0000025276cb55b0 .scope module, "u2" "full_adder" 3 24, 3 1 0, S_0000025276cbdc50;
 .timescale 0 0;
    .port_info 0 /INPUT 1 "a";
    .port_info 1 /INPUT 1 "b";
    .port_info 2 /INPUT 1 "cin";
    .port_info 3 /OUTPUT 1 "sum";
    .port_info 4 /OUTPUT 1 "co";
L_0000025276cb17f0 .functor XOR 1, L_0000025276d16350, L_0000025276d17bb0, C4<0>, C4<0>;
L_0000025276cb2430 .functor XOR 1, L_0000025276cb17f0, L_0000025276d17c50, C4<0>, C4<0>;
L_0000025276cb24a0 .functor AND 1, L_0000025276d16350, L_0000025276d17bb0, C4<1>, C4<1>;
L_0000025276cb1cc0 .functor AND 1, L_0000025276d16350, L_0000025276d17c50, C4<1>, C4<1>;
L_0000025276cb1d30 .functor OR 1, L_0000025276cb24a0, L_0000025276cb1cc0, C4<0>, C4<0>;
L_0000025276cb1780 .functor AND 1, L_0000025276d17c50, L_0000025276d17bb0, C4<1>, C4<1>;
L_0000025276cb1860 .functor OR 1, L_0000025276cb1d30, L_0000025276cb1780, C4<0>, C4<0>;
v0000025276cbb440_0 .net *"_ivl_0", 0 0, L_0000025276cb17f0;  1 drivers
v0000025276cbc020_0 .net *"_ivl_10", 0 0, L_0000025276cb1780;  1 drivers
v0000025276cbcc00_0 .net *"_ivl_4", 0 0, L_0000025276cb24a0;  1 drivers
v0000025276cbb800_0 .net *"_ivl_6", 0 0, L_0000025276cb1cc0;  1 drivers
v0000025276cbb580_0 .net *"_ivl_8", 0 0, L_0000025276cb1d30;  1 drivers
v0000025276cbb1c0_0 .net "a", 0 0, L_0000025276d16350;  1 drivers
v0000025276cbc840_0 .net "b", 0 0, L_0000025276d17bb0;  1 drivers
v0000025276cbc700_0 .net "cin", 0 0, L_0000025276d17c50;  1 drivers
v0000025276cbafe0_0 .net "co", 0 0, L_0000025276cb1860;  1 drivers
v0000025276cbc8e0_0 .net "sum", 0 0, L_0000025276cb2430;  1 drivers
S_0000025276cb5740 .scope module, "u3" "full_adder" 3 25, 3 1 0, S_0000025276cbdc50;
 .timescale 0 0;
    .port_info 0 /INPUT 1 "a";
    .port_info 1 /INPUT 1 "b";
    .port_info 2 /INPUT 1 "cin";
    .port_info 3 /OUTPUT 1 "sum";
    .port_info 4 /OUTPUT 1 "co";
L_0000025276cb18d0 .functor XOR 1, L_0000025276d176b0, L_0000025276d163f0, C4<0>, C4<0>;
L_0000025276cb1e80 .functor XOR 1, L_0000025276cb18d0, L_0000025276d160d0, C4<0>, C4<0>;
L_0000025276cb1ef0 .functor AND 1, L_0000025276d176b0, L_0000025276d163f0, C4<1>, C4<1>;
L_0000025276cb1f60 .functor AND 1, L_0000025276d176b0, L_0000025276d160d0, C4<1>, C4<1>;
L_0000025276cb1fd0 .functor OR 1, L_0000025276cb1ef0, L_0000025276cb1f60, C4<0>, C4<0>;
L_0000025276cb2040 .functor AND 1, L_0000025276d160d0, L_0000025276d163f0, C4<1>, C4<1>;
L_0000025276cb2190 .functor OR 1, L_0000025276cb1fd0, L_0000025276cb2040, C4<0>, C4<0>;
v0000025276cbb8a0_0 .net *"_ivl_0", 0 0, L_0000025276cb18d0;  1 drivers
v0000025276cbc520_0 .net *"_ivl_10", 0 0, L_0000025276cb2040;  1 drivers
v0000025276cbc0c0_0 .net *"_ivl_4", 0 0, L_0000025276cb1ef0;  1 drivers
v0000025276cbc7a0_0 .net *"_ivl_6", 0 0, L_0000025276cb1f60;  1 drivers
v0000025276cbb260_0 .net *"_ivl_8", 0 0, L_0000025276cb1fd0;  1 drivers
v0000025276cbb940_0 .net "a", 0 0, L_0000025276d176b0;  1 drivers
v0000025276cbb300_0 .net "b", 0 0, L_0000025276d163f0;  1 drivers
v0000025276cbba80_0 .net "cin", 0 0, L_0000025276d160d0;  1 drivers
v0000025276cbbb20_0 .net "co", 0 0, L_0000025276cb2190;  alias, 1 drivers
v0000025276cbcca0_0 .net "sum", 0 0, L_0000025276cb1e80;  1 drivers
    .scope S_0000025276cbd050;
T_0 ;
    %vpi_call 2 16 "$dumpfile", "rca_4bit.vcd" {0 0 0};
    %vpi_call 2 17 "$dumpvars", 32'sb00000000000000000000000000000001 {0 0 0};
    %vpi_call 2 18 "$monitor", "a=%0d b=%0d cin=%b  sum=%0d cout=%b", v0000025276cbca20_0, v0000025276cbce80_0, v0000025276cab110_0, v0000025276d16f30_0, v0000025276cabc50_0 {0 0 0};
    %pushi/vec4 5, 0, 4;
    %store/vec4 v0000025276cbca20_0, 0, 4;
    %pushi/vec4 5, 0, 4;
    %store/vec4 v0000025276cbce80_0, 0, 4;
    %pushi/vec4 1, 0, 1;
    %store/vec4 v0000025276cab110_0, 0, 1;
    %delay 10000, 0;
    %pushi/vec4 5, 0, 4;
    %store/vec4 v0000025276cbca20_0, 0, 4;
    %pushi/vec4 6, 0, 4;
    %store/vec4 v0000025276cbce80_0, 0, 4;
    %pushi/vec4 1, 0, 1;
    %store/vec4 v0000025276cab110_0, 0, 1;
    %delay 10000, 0;
    %end;
    .thread T_0;
# The file index is used to find the file name in the following table.
:file_names 4;
    "N/A";
    "<interactive>";
    ".\tb.v";
    ".\rca_4bit.v";
